This is XeTeX, Version 3.14159265-2.6-0.99991 (MiKTeX 2.9 64-bit) (preloaded format=xelatex 2015.5.8)  19 MAY 2015 23:14
entering extended mode
**template_Report.tex
(template_Report.tex
LaTeX2e <2015/01/01>
Babel <3.9l> and hyphenation patterns for 69 languages loaded.
("D:\Program Files\MiKTeX 2.9\tex\latex\base\report.cls"
Document Class: report 2014/09/29 v1.4h Standard LaTeX document class
("D:\Program Files\MiKTeX 2.9\tex\latex\base\size10.clo"
File: size10.clo 2014/09/29 v1.4h Standard LaTeX file (size option)
)
\c@part=\count80
\c@chapter=\count81
\c@section=\count82
\c@subsection=\count83
\c@subsubsection=\count84
\c@paragraph=\count85
\c@subparagraph=\count86
\c@figure=\count87
\c@table=\count88
\abovecaptionskip=\skip41
\belowcaptionskip=\skip42
\bibindent=\dimen102
)
(C:\Users\lhch\AppData\Roaming\MiKTeX\2.9\tex\xelatex\xecjk\xeCJK.sty
(C:\Users\lhch\AppData\Roaming\MiKTeX\2.9\tex\latex\l3kernel\expl3.sty
Package: expl3 2015/03/01 v5547 L3 programming layer (loader) 

(C:\Users\lhch\AppData\Roaming\MiKTeX\2.9\tex\latex\l3kernel\expl3-code.tex
Package: expl3 2015/03/01 v5547 L3 programming layer (code) 
L3 Module: l3bootstrap 2015/02/28 v5542 L3 Bootstrap code
L3 Module: l3names 2015/02/24 v5535 L3 Namespace for primitives
L3 Module: l3basics 2015/01/27 v5500 L3 Basic definitions
L3 Module: l3expan 2014/11/27 v5472 L3 Argument expansion
L3 Module: l3tl 2015/01/27 v5500 L3 Token lists
L3 Module: l3str 2015/03/01 v5545 L3 Strings
L3 Module: l3seq 2014/08/23 v5354 L3 Sequences and stacks
L3 Module: l3int 2015/02/21 v5529 L3 Integers
\c_max_int=\count89
\l_tmpa_int=\count90
\l_tmpb_int=\count91
\g_tmpa_int=\count92
\g_tmpb_int=\count93
L3 Module: l3quark 2014/08/23 v5354 L3 Quarks
L3 Module: l3prg 2014/08/23 v5354 L3 Control structures
\g__prg_map_int=\count94
L3 Module: l3clist 2014/08/23 v5354 L3 Comma separated lists
L3 Module: l3token 2014/09/15 v5422 L3 Experimental token manipulation
L3 Module: l3prop 2014/08/23 v5354 L3 Property lists
L3 Module: l3msg 2015/02/26 v5537 L3 Messages
L3 Module: l3file 2014/08/24 v5369 L3 File and I/O operations
\l_iow_line_count_int=\count95
\l__iow_target_count_int=\count96
\l__iow_current_line_int=\count97
\l__iow_current_word_int=\count98
\l__iow_current_indentation_int=\count99
L3 Module: l3skip 2014/08/23 v5354 L3 Dimensions and skips
\c_zero_dim=\dimen103
\c_max_dim=\dimen104
\l_tmpa_dim=\dimen105
\l_tmpb_dim=\dimen106
\g_tmpa_dim=\dimen107
\g_tmpb_dim=\dimen108
\c_zero_skip=\skip43
\c_max_skip=\skip44
\l_tmpa_skip=\skip45
\l_tmpb_skip=\skip46
\g_tmpa_skip=\skip47
\g_tmpb_skip=\skip48
\c_zero_muskip=\muskip10
\c_max_muskip=\muskip11
\l_tmpa_muskip=\muskip12
\l_tmpb_muskip=\muskip13
\g_tmpa_muskip=\muskip14
\g_tmpb_muskip=\muskip15
L3 Module: l3keys 2015/01/27 v5500 L3 Key-value interfaces
\g__keyval_level_int=\count100
\l_keys_choice_int=\count101
L3 Module: l3fp 2014/08/22 v5336 L3 Floating points
\c__fp_leading_shift_int=\count102
\c__fp_middle_shift_int=\count103
\c__fp_trailing_shift_int=\count104
\c__fp_big_leading_shift_int=\count105
\c__fp_big_middle_shift_int=\count106
\c__fp_big_trailing_shift_int=\count107
\c__fp_Bigg_leading_shift_int=\count108
\c__fp_Bigg_middle_shift_int=\count109
\c__fp_Bigg_trailing_shift_int=\count110
L3 Module: l3box 2014/08/23 v5354 L3 Experimental boxes
\c_empty_box=\box26
\l_tmpa_box=\box27
\l_tmpb_box=\box28
\g_tmpa_box=\box29
\g_tmpb_box=\box30
L3 Module: l3coffins 2014/08/23 v5354 L3 Coffin code layer
\l__coffin_internal_box=\box31
\l__coffin_internal_dim=\dimen109
\l__coffin_offset_x_dim=\dimen110
\l__coffin_offset_y_dim=\dimen111
\l__coffin_x_dim=\dimen112
\l__coffin_y_dim=\dimen113
\l__coffin_x_prime_dim=\dimen114
\l__coffin_y_prime_dim=\dimen115
\c_empty_coffin=\box32
\l__coffin_aligned_coffin=\box33
\l__coffin_aligned_internal_coffin=\box34
\l_tmpa_coffin=\box35
\l_tmpb_coffin=\box36
\l__coffin_display_coffin=\box37
\l__coffin_display_coord_coffin=\box38
\l__coffin_display_pole_coffin=\box39
\l__coffin_display_offset_dim=\dimen116
\l__coffin_display_x_dim=\dimen117
\l__coffin_display_y_dim=\dimen118
L3 Module: l3color 2014/08/23 v5354 L3 Experimental color support
L3 Module: l3candidates 2015/03/01 v5544 L3 Experimental additions to l3kernel
\l__box_top_dim=\dimen119
\l__box_bottom_dim=\dimen120
\l__box_left_dim=\dimen121
\l__box_right_dim=\dimen122
\l__box_top_new_dim=\dimen123
\l__box_bottom_new_dim=\dimen124
\l__box_left_new_dim=\dimen125
\l__box_right_new_dim=\dimen126
\l__box_internal_box=\box40
\l__coffin_bounding_shift_dim=\dimen127
\l__coffin_left_corner_dim=\dimen128
\l__coffin_right_corner_dim=\dimen129
\l__coffin_bottom_corner_dim=\dimen130
\l__coffin_top_corner_dim=\dimen131
\l__coffin_scaled_total_height_dim=\dimen132
\l__coffin_scaled_width_dim=\dimen133
)
(C:\Users\lhch\AppData\Roaming\MiKTeX\2.9\tex\latex\l3kernel\l3unicode-data.def
File: l3unicode-data.def 2015/03/01 v5544 L3 Unicode data
) (C:\Users\lhch\AppData\Roaming\MiKTeX\2.9\tex\latex\l3kernel\l3xdvipdfmx.def
File: l3xdvidpfmx.def 2015/03/01 v5544 L3 Experimental driver: xdvipdfmx
))
Package: xeCJK 2014/12/26 v3.3.0 Typesetting CJK scripts with XeLaTeX

(C:\Users\lhch\AppData\Roaming\MiKTeX\2.9\tex\latex\l3packages\xtemplate\xtempl
ate.sty
Package: xtemplate 2014/11/25 v5471 L3 Experimental prototype document function
s
\l__xtemplate_tmp_dim=\dimen134
\l__xtemplate_tmp_int=\count111
\l__xtemplate_tmp_muskip=\muskip16
\l__xtemplate_tmp_skip=\skip49
Variant \prop_get:NoNTF already defined; not changing it on line 106
Variant \prop_get:NoNT already defined; not changing it on line 107
Variant \prop_get:NoNF already defined; not changing it on line 108
)
(C:\Users\lhch\AppData\Roaming\MiKTeX\2.9\tex\latex\l3packages\xparse\xparse.st
y
Package: xparse 2014/11/25 v5471 L3 Experimental document command parser
\l__xparse_current_arg_int=\count112
\l__xparse_m_args_int=\count113
\l__xparse_mandatory_args_int=\count114
\l__xparse_processor_int=\count115
\l__xparse_v_nesting_int=\count116
)
(C:\Users\lhch\AppData\Roaming\MiKTeX\2.9\tex\latex\l3packages\l3keys2e\l3keys2
e.sty
Package: l3keys2e 2014/11/25 v5471 LaTeX2e option processing using LaTeX3 keys
)
\l__xeCJK_tmp_int=\count117
\l__xeCJK_tmp_box=\box41
\l__xeCJK_tmp_dim=\dimen135
\l__xeCJK_tmp_skip=\skip50
.................................................
. LaTeX info: "xparse/define-command"
. 
. Defining command \xeCJKShipoutHook with sig. '' on line 153.
.................................................
\g__xeCJK_spacefactor_int=\count118
\l__xeCJK_begin_int=\count119
\l__xeCJK_end_int=\count120
.................................................
. LaTeX info: "xparse/define-command"
. 
. Defining command \makexeCJKactive with sig. '' on line 371.
.................................................
.................................................
. LaTeX info: "xparse/define-command"
. 
. Defining command \makexeCJKinactive with sig. '' on line 372.
.................................................
\c__xeCJK_HalfLeft_class_int=\XeTeXintercharclass4
\c__xeCJK_HalfRight_class_int=\XeTeXintercharclass5
\c__xeCJK_NormalSpace_class_int=\XeTeXintercharclass6
\c__xeCJK_IVS_class_int=\XeTeXintercharclass7
\c__xeCJK_HangulJamo_class_int=\XeTeXintercharclass8
.................................................
. LaTeX info: "xparse/define-command"
. 
. Defining command \xeCJKDeclareCharClass with sig. 's>{\TrimSpaces }mm' on
. line 530.
.................................................
.................................................
. LaTeX info: "xparse/define-command"
. 
. Defining command \__xeCJK_set_char_class_aux:Nnw with sig.
. 'm>{\SplitArgument {1}{->}}m' on line 547.
.................................................
.................................................
. LaTeX info: "xparse/define-command"
. 
. Defining command \normalspacedchars with sig. 'm' on line 589.
.................................................
.................................................
. LaTeX info: "xparse/define-command"
. 
. Defining command \xeCJKResetPunctClass with sig. '' on line 596.
.................................................
.................................................
. LaTeX info: "xparse/define-command"
. 
. Defining command \xeCJKResetCharClass with sig. '' on line 604.
.................................................
\g__xeCJK_node_int=\count121
\c__xeCJK_CJK_node_dim=\dimen136
\c__xeCJK_CJK-space_node_dim=\dimen137
\c__xeCJK_default_node_dim=\dimen138
\c__xeCJK_default-space_node_dim=\dimen139
\c__xeCJK_CJK-nobreak_node_dim=\dimen140
\c__xeCJK_normalspace_node_dim=\dimen141
\l__xeCJK_ccglue_skip=\skip51
\l__xeCJK_ecglue_skip=\skip52
.................................................
. LaTeX info: "xparse/define-command"
. 
. Defining command \xeCJKnobreak with sig. '' on line 1376.
.................................................
.................................................
. LaTeX info: "xparse/define-command"
. 
. Defining command \xeCJKDeclareSubCJKBlock with sig. 's>{\TrimSpaces
. }m>{\TrimSpaces }m' on line 1565.
.................................................
.................................................
. LaTeX info: "xparse/define-command"
. 
. Defining command \xeCJKCancelSubCJKBlock with sig. 'sm' on line 1576.
.................................................
.................................................
. LaTeX info: "xparse/define-command"
. 
. Defining command \xeCJKRestoreSubCJKBlock with sig. 'sm' on line 1585.
.................................................
.................................................
. LaTeX info: "xparse/define-command"
. 
. Defining command \xeCJKsetwidth with sig. 'smm' on line 1683.
.................................................
.................................................
. LaTeX info: "xparse/define-command"
. 
. Defining command \xeCJKsetkern with sig. 'mmm' on line 1687.
.................................................
.................................................
. xtemplate info: "declare-object-type"
. 
. Declaring object type 'xeCJK/punctuation' taking \c_zero  argument(s) on
. line 1788.
.................................................
\l__xeCJK_fixed_punct_width_dim=\dimen142
\l__xeCJK_mixed_punct_width_dim=\dimen143
\l__xeCJK_middle_punct_width_dim=\dimen144
\l__xeCJK_fixed_margin_width_dim=\dimen145
\l__xeCJK_mixed_margin_width_dim=\dimen146
\l__xeCJK_middle_margin_width_dim=\dimen147
\l__xeCJK_bound_punct_width_dim=\dimen148
\l__xeCJK_bound_margin_width_dim=\dimen149
\l__xeCJK_margin_minimum_dim=\dimen150
\l__xeCJK_kerning_total_width_dim=\dimen151
\l__xeCJK_same_align_margin_dim=\dimen152
\l__xeCJK_different_align_margin_dim=\dimen153
\l__xeCJK_kerning_margin_width_dim=\dimen154
\l__xeCJK_kerning_margin_minimum_dim=\dimen155
\l__xeCJK_bound_dim=\dimen156
\l__xeCJK_reverse_bound_dim=\dimen157
.................................................
. LaTeX info: "xparse/define-command"
. 
. Defining command \xeCJKDeclarePunctStyle with sig. '>{\TrimSpaces }mm' on
. line 2273.
.................................................
.................................................
. LaTeX info: "xparse/define-command"
. 
. Defining command \xeCJKEditPunctStyle with sig. '>{\TrimSpaces }mm' on line
. 2286.
.................................................
.................................................
. LaTeX info: "xparse/define-command"
. 
. Defining command \setCJKfallbackfamilyfont with sig. 'mO{}m' on line 2374.
.................................................
\g__xeCJK_family_int=\count122
.................................................
. LaTeX info: "xparse/define-command"
. 
. Defining command \CJKfamily with sig. 't+t-m' on line 2798.
.................................................
.................................................
. LaTeX info: "xparse/define-command"
. 
. Defining command \__xeCJK_gobble_CJKfamily:wn with sig. 't+t-m' on line
. 2812.
.................................................
.................................................
. LaTeX info: "xparse/define-command"
. 
. Defining command \setCJKmainfont with sig. 'O{}m' on line 2862.
.................................................
.................................................
. LaTeX info: "xparse/define-command"
. 
. Defining command \setCJKsansfont with sig. 'O{}m' on line 2868.
.................................................
.................................................
. LaTeX info: "xparse/define-command"
. 
. Defining command \setCJKmonofont with sig. 'O{}m' on line 2873.
.................................................
.................................................
. LaTeX info: "xparse/define-command"
. 
. Defining command \setCJKfamilyfont with sig. 'mO{}m' on line 2880.
.................................................
.................................................
. LaTeX info: "xparse/define-command"
. 
. Defining command \newCJKfontfamily with sig. 'omO{}m' on line 2886.
.................................................
.................................................
. LaTeX info: "xparse/define-command"
. 
. Defining command \CJKfontspec with sig. 'O{}m' on line 2891.
.................................................
.................................................
. LaTeX info: "xparse/define-command"
. 
. Defining command \defaultCJKfontfeatures with sig. 'm' on line 2914.
.................................................
.................................................
. LaTeX info: "xparse/define-command"
. 
. Defining command \addCJKfontfeatures with sig. 'sO{}m' on line 2920.
.................................................
.................................................
. LaTeX info: "xparse/define-command"
. 
. Defining command \setCJKmathfont with sig. 'O{}m' on line 3089.
.................................................
\l__xeCJK_verb_case_int=\count123
.................................................
. LaTeX info: "xparse/define-command"
. 
. Defining command \xeCJKVerbAddon with sig. '' on line 3242.
.................................................
.................................................
. LaTeX info: "xparse/define-command"
. 
. Defining command \xeCJKOffVerbAddon with sig. '' on line 3246.
.................................................
\l__xeCJK_verb_exspace_skip=\skip53
 ("D:\Program Files\MiKTeX 2.9\tex\latex\fontspec\fontspec.sty"
Package: fontspec 2015/03/14 v2.4c Font selection for XeLaTeX and LuaLaTeX
\l_fontspec_script_int=\count124
\l_fontspec_language_int=\count125
\l_fontspec_strnum_int=\count126
\l__fontspec_tmpa_dim=\dimen158
\l__fontspec_tmpb_dim=\dimen159
\l__fontspec_tmpc_dim=\dimen160
Variant \tl_gset:cV already defined; not changing it on line 71

("D:\Program Files\MiKTeX 2.9\tex\latex\fontspec\fontspec-patches.sty"
Package: fontspec-patches 2015/03/14 v2.4c Font selection for XeLaTeX and LuaLa
TeX
LaTeX Info: Redefining \em on input line 49.
LaTeX Info: Redefining \emph on input line 57.
LaTeX Info: Redefining \- on input line 60.
.................................................
. LaTeX info: "xparse/redefine-command"
. 
. Redefining command \oldstylenums with sig. 'm' on line 155.
.................................................
.................................................
. LaTeX info: "xparse/define-command"
. 
. Defining command \liningnums with sig. 'm' on line 159.
.................................................
)
("D:\Program Files\MiKTeX 2.9\tex\latex\fontspec\fontspec-xetex.sty"
Package: fontspec-xetex 2015/03/14 v2.4c Font selection for XeLaTeX and LuaLaTe
X

("D:\Program Files\MiKTeX 2.9\tex\latex\base\fontenc.sty"
Package: fontenc 2005/09/27 v1.99g Standard LaTeX package

("D:\Program Files\MiKTeX 2.9\tex\latex\euenc\eu1enc.def"
File: eu1enc.def 2010/05/27 v0.1h Experimental Unicode font encodings
)
LaTeX Font Info:    Try loading font information for EU1+lmr on input line 105.


("D:\Program Files\MiKTeX 2.9\tex\latex\euenc\eu1lmr.fd"
File: eu1lmr.fd 2009/10/30 v1.6 Font defs for Latin Modern
)
Requested font "[lmroman10-regular]:mapping=tex-text" at 10.0pt
 -> D:/Program Files/MiKTeX 2.9/fonts/opentype/public/lm/lmroman10-regular.otf
)
("D:\Program Files\MiKTeX 2.9\tex\xelatex\xunicode\xunicode.sty"
File: xunicode.sty 2011/09/09 v0.981 provides access to latin accents and many 
other characters in Unicode lower plane

(C:\Users\lhch\AppData\Roaming\MiKTeX\2.9\tex\latex\tipa\t3enc.def
File: t3enc.def 2001/12/31 T3 encoding
Requested font "[lmromanslant10-regular]:mapping=tex-text" at 10.0pt
 -> D:/Program Files/MiKTeX 2.9/fonts/opentype/public/lm/lmromanslant10-regular
.otf
Requested font "[lmroman10-italic]:mapping=tex-text" at 10.0pt
 -> D:/Program Files/MiKTeX 2.9/fonts/opentype/public/lm/lmroman10-italic.otf
Requested font "[lmroman10-bold]:mapping=tex-text" at 10.0pt
 -> D:/Program Files/MiKTeX 2.9/fonts/opentype/public/lm/lmroman10-bold.otf
LaTeX Font Info:    Try loading font information for EU1+lmss on input line 357
.

("D:\Program Files\MiKTeX 2.9\tex\latex\euenc\eu1lmss.fd"
File: eu1lmss.fd 2009/10/30 v1.6 Font defs for Latin Modern
)
Requested font "[lmsans10-regular]:mapping=tex-text" at 10.0pt
 -> D:/Program Files/MiKTeX 2.9/fonts/opentype/public/lm/lmsans10-regular.otf
)
\tipaTiiicode=\count127
\tipasavetokens=\toks14
\tipachecktokens=\toks15

("D:\Program Files\MiKTeX 2.9\tex\latex\graphics\graphicx.sty"
Package: graphicx 2014/10/28 v1.0g Enhanced LaTeX Graphics (DPC,SPQR)

("D:\Program Files\MiKTeX 2.9\tex\latex\graphics\keyval.sty"
Package: keyval 2014/10/28 v1.15 key=value parser (DPC)
\KV@toks@=\toks16
)
("D:\Program Files\MiKTeX 2.9\tex\latex\graphics\graphics.sty"
Package: graphics 2014/10/28 v1.0p Standard LaTeX Graphics (DPC,SPQR)

("D:\Program Files\MiKTeX 2.9\tex\latex\graphics\trig.sty"
Package: trig 1999/03/16 v1.09 sin cos tan (DPC)
)
("D:\Program Files\MiKTeX 2.9\tex\latex\00miktex\graphics.cfg"
File: graphics.cfg 2007/01/18 v1.5 graphics configuration of teTeX/TeXLive
)
Package graphics Info: Driver file: xetex.def on input line 94.

(C:\Users\lhch\AppData\Roaming\MiKTeX\2.9\tex\xelatex\xetex-def\xetex.def
File: xetex.def 2015/03/25 v4.04 LaTeX color/graphics driver for XeTeX (TeX Liv
e/RRM/JK)
))
\Gin@req@height=\dimen161
\Gin@req@width=\dimen162
))
.................................................
. LaTeX info: "xparse/define-command"
. 
. Defining command \__fontspec_post_arg:w with sig. 'mmO{}' on line 42.
.................................................
.................................................
. LaTeX info: "xparse/define-command"
. 
. Defining command \fontspec with sig. 'om' on line 44.
.................................................
.................................................
. LaTeX info: "xparse/define-command"
. 
. Defining command \setmainfont with sig. 'om' on line 54.
.................................................
.................................................
. LaTeX info: "xparse/define-command"
. 
. Defining command \setsansfont with sig. 'om' on line 64.
.................................................
.................................................
. LaTeX info: "xparse/define-command"
. 
. Defining command \setmonofont with sig. 'om' on line 74.
.................................................
.................................................
. LaTeX info: "xparse/define-command"
. 
. Defining command \setmathrm with sig. 'om' on line 88.
.................................................
.................................................
. LaTeX info: "xparse/define-command"
. 
. Defining command \setboldmathrm with sig. 'om' on line 96.
.................................................
.................................................
. LaTeX info: "xparse/define-command"
. 
. Defining command \setmathsf with sig. 'om' on line 104.
.................................................
.................................................
. LaTeX info: "xparse/define-command"
. 
. Defining command \setmathtt with sig. 'om' on line 112.
.................................................
.................................................
. LaTeX info: "xparse/define-command"
. 
. Defining command \newfontfamily with sig. 'mom' on line 126.
.................................................
.................................................
. LaTeX info: "xparse/define-command"
. 
. Defining command \newfontface with sig. 'mom' on line 141.
.................................................
.................................................
. LaTeX info: "xparse/define-command"
. 
. Defining command \defaultfontfeatures with sig. 't+om' on line 155.
.................................................
.................................................
. LaTeX info: "xparse/define-command"
. 
. Defining command \addfontfeatures with sig. 'm' on line 210.
.................................................
.................................................
. LaTeX info: "xparse/define-command"
. 
. Defining command \newfontfeature with sig. 'mm' on line 221.
.................................................
.................................................
. LaTeX info: "xparse/define-command"
. 
. Defining command \newAATfeature with sig. 'mmmm' on line 229.
.................................................
.................................................
. LaTeX info: "xparse/define-command"
. 
. Defining command \newopentypefeature with sig. 'mmm' on line 237.
.................................................
.................................................
. LaTeX info: "xparse/define-command"
. 
. Defining command \aliasfontfeature with sig. 'mm' on line 261.
.................................................
.................................................
. LaTeX info: "xparse/define-command"
. 
. Defining command \aliasfontfeatureoption with sig. 'mmm' on line 270.
.................................................
.................................................
. LaTeX info: "xparse/define-command"
. 
. Defining command \newfontscript with sig. 'mm' on line 275.
.................................................
.................................................
. LaTeX info: "xparse/define-command"
. 
. Defining command \newfontlanguage with sig. 'mm' on line 301.
.................................................
.................................................
. LaTeX info: "xparse/define-command"
. 
. Defining command \DeclareFontsExtensions with sig. 'm' on line 321.
.................................................
Variant \prop_gput:cnV already defined; not changing it on line 704
Variant \prop_gput:cnx already defined; not changing it on line 705
\l__fontspec_tmp_int=\count128
LaTeX Info: Redefining \itshape on input line 2232.
LaTeX Info: Redefining \slshape on input line 2237.
LaTeX Info: Redefining \scshape on input line 2242.
LaTeX Info: Redefining \upshape on input line 2247.

("D:\Program Files\MiKTeX 2.9\tex\latex\fontspec\fontspec.cfg")))
(C:\Users\lhch\AppData\Roaming\MiKTeX\2.9\tex\xelatex\xecjk\xunicode-addon.sty
Package: xunicode-addon 2014/12/26 v3.3.0 addon file for xunicode
.................................................
. LaTeX info: "xparse/redefine-command"
. 
. Redefining command \ReloadXunicode with sig. 'm' on line 89.
.................................................
.................................................
. LaTeX info: "xparse/redefine-command"
. 
. Redefining command \DeclareUTFmathsymbols with sig. 'm' on line 124.
.................................................
.................................................
. LaTeX info: "xparse/redefine-command"
. 
. Redefining command \UseMathAsText with sig. '' on line 133.
.................................................
.................................................
. LaTeX info: "xparse/redefine-command"
. 
. Redefining command \UndeclareUTFcharacter with sig. 'O{\UTFencname }mm' on
. line 168.
.................................................
.................................................
. LaTeX info: "xparse/redefine-command"
. 
. Redefining command \UndeclareUTFcomposite with sig. 'O{\UTFencname }mmm' on
. line 175.
.................................................
.................................................
. LaTeX info: "xparse/redefine-command"
. 
. Redefining command \DeclareUTFcharacter with sig. 'O{\UTFencname }mm' on
. line 202.
.................................................
.................................................
. LaTeX info: "xparse/define-command"
. 
. Defining command \DeclareUTFSymbol with sig. 'mO{\UTFencname }m' on line
. 228.
.................................................
.................................................
. LaTeX info: "xparse/define-command"
. 
. Defining command \DeclareUTFCommand with sig. 'mO{\UTFencname }m' on line
. 230.
.................................................
.................................................
. LaTeX info: "xparse/redefine-command"
. 
. Redefining command \DeclareUTFcomposite with sig. 'O{\UTFencname }mmm' on
. line 273.
.................................................
.................................................
. LaTeX info: "xparse/define-command"
. 
. Defining command \DeclareUTFCompositeCommand with sig. 'mO{\UTFencname }mm'
. on line 286.
.................................................
.................................................
. LaTeX info: "xparse/define-command"
. 
. Defining command \DeclareUTFCompositeSymbol with sig. 'mO{\UTFencname }mm'
. on line 291.
.................................................
.................................................
. LaTeX info: "xparse/define-command"
. 
. Defining command \DeclareUTFComposite with sig. 'mO{\UTFencname }' on line
. 293.
.................................................
.................................................
. LaTeX info: "xparse/define-command"
. 
. Defining command \DeclareUTFEncodedAccent with sig. 'mO{\UTFencname }mm' on
. line 295.
.................................................
.................................................
. LaTeX info: "xparse/define-command"
. 
. Defining command \DeclareUTFEncodedAccents with sig. 'mO{\UTFencname }mm' on
. line 297.
.................................................
.................................................
. LaTeX info: "xparse/define-command"
. 
. Defining command \DeclareUTFEncodedSymbol with sig. 'mO{\UTFencname }mm' on
. line 299.
.................................................
.................................................
. LaTeX info: "xparse/define-command"
. 
. Defining command \DeclareUTFEncodedCircle with sig. 'mO{\UTFencname }mm' on
. line 301.
.................................................
.................................................
. LaTeX info: "xparse/redefine-command"
. 
. Redefining command \DeclareEncodedCompositeCharacter with sig. 'mmmm' on
. line 303.
.................................................
.................................................
. LaTeX info: "xparse/redefine-command"
. 
. Redefining command \DeclareEncodedCompositeAccents with sig. 'mmmm' on line
. 305.
.................................................
.................................................
. LaTeX info: "xparse/define-command"
. 
. Defining command \DeclareUTFDoubleEncodedAccent with sig. 'mO{\UTFencname
. }mm' on line 307.
.................................................
.................................................
. LaTeX info: "xparse/define-command"
. 
. Defining command \DeclareUTFDoubleEncodedSymbol with sig. 'mO{\UTFencname
. }mm' on line 309.
.................................................
\l__xunadd_tmp_coffin=\box42
\l__xunadd_circle_coffin=\box43
.................................................
. LaTeX info: "xparse/define-command"
. 
. Defining command \settextcircledratio with sig. 'm' on line 460.
.................................................
.................................................
. LaTeX info: "xparse/define-command"
. 
. Defining command \AtBeginUTFCommand with sig. 'sO{}+m' on line 529.
.................................................
.................................................
. LaTeX info: "xparse/define-command"
. 
. Defining command \AtEndUTFCommand with sig. 'sO{}+m' on line 539.
.................................................
.................................................
. LaTeX info: "xparse/define-command"
. 
. Defining command \DeclareUTFTIPACommand with sig. 'O{\UTFencname }m' on line
. 571.
.................................................
)
\g__file_internal_ior=\read1
("D:\Program Files\MiKTeX 2.9\tex\xelatex\xunicode\xunicode.sty"
File: xunicode.sty 2011/09/09 v0.981 provides access to latin accents and many 
other characters in Unicode lower plane

*** Reloading Xunicode for encoding 'EU1' ***
)
(C:\Users\lhch\AppData\Roaming\MiKTeX\2.9\tex\xelatex\xecjk\xunicode-extra.def
File: xunicode-extra.def 2014/12/26 v3.3.0 extra definition for xunicode
)
.................................................
. LaTeX info: "xparse/define-command"
. 
. Defining command \xeCJKsetup with sig. '+m' on line 3545.
.................................................
.................................................
. LaTeX info: "xparse/define-command"
. 
. Defining command \xeCJKsetemboldenfactor with sig. 'm' on line 3547.
.................................................
.................................................
. LaTeX info: "xparse/define-command"
. 
. Defining command \xeCJKsetslantfactor with sig. 'm' on line 3549.
.................................................
.................................................
. LaTeX info: "xparse/define-command"
. 
. Defining command \punctstyle with sig. 'm' on line 3550.
.................................................
.................................................
. LaTeX info: "xparse/define-command"
. 
. Defining command \xeCJKplainchr with sig. '' on line 3551.
.................................................
.................................................
. LaTeX info: "xparse/define-command"
. 
. Defining command \CJKsetecglue with sig. 'm' on line 3552.
.................................................
.................................................
. LaTeX info: "xparse/define-command"
. 
. Defining command \CJKspace with sig. '' on line 3554.
.................................................
.................................................
. LaTeX info: "xparse/define-command"
. 
. Defining command \CJKnospace with sig. '' on line 3555.
.................................................
.................................................
. LaTeX info: "xparse/define-command"
. 
. Defining command \xeCJKallowbreakbetweenpuncts with sig. '' on line 3557.
.................................................
.................................................
. LaTeX info: "xparse/define-command"
. 
. Defining command \xeCJKnobreakbetweenpuncts with sig. '' on line 3559.
.................................................
.................................................
. LaTeX info: "xparse/define-command"
. 
. Defining command \xeCJKenablefallback with sig. '' on line 3561.
.................................................
.................................................
. LaTeX info: "xparse/define-command"
. 
. Defining command \xeCJKdisablefallback with sig. '' on line 3563.
.................................................
.................................................
. LaTeX info: "xparse/define-command"
. 
. Defining command \xeCJKsetcharclass with sig. 'mmm' on line 3568.
.................................................
*************************************************
* xeCJK warning: "robust-failure"
* 
* xeCJK can not make `\math' robust.
*************************************************
*************************************************
* xeCJK warning: "robust-failure"
* 
* xeCJK can not make `\endmath' robust.
*************************************************
.................................................
. LaTeX info: "xparse/redefine-command"
. 
. Redefining command \nobreakspace with sig. '' on line 3682.
.................................................
.................................................
. LaTeX info: "xparse/redefine-command"
. 
. Redefining command \fontfamily with sig. 'm' on line 3728.
.................................................
(C:\Users\lhch\AppData\Roaming\MiKTeX\2.9\tex\xelatex\xecjk\config\xeCJK.cfg
File: xeCJK.cfg 2014/12/26 v3.3.0 Configuration file for xeCJK package
))
("D:\Program Files\MiKTeX 2.9\tex\latex\base\inputenc.sty"
Package: inputenc 2015/03/17 v1.2c Input encoding file
\inpenc@prehook=\toks17
\inpenc@posthook=\toks18


Package inputenc Warning: inputenc package ignored with utf8 based engines.

) ("D:\Program Files\MiKTeX 2.9\tex\latex\hyperref\hyperref.sty"
Package: hyperref 2012/11/06 v6.83m Hypertext links for LaTeX

("D:\Program Files\MiKTeX 2.9\tex\generic\oberdiek\hobsub-hyperref.sty"
Package: hobsub-hyperref 2012/04/25 v1.12 Bundle oberdiek, subset hyperref (HO)


("D:\Program Files\MiKTeX 2.9\tex\generic\oberdiek\hobsub-generic.sty"
Package: hobsub-generic 2012/04/25 v1.12 Bundle oberdiek, subset generic (HO)
Package: hobsub 2012/04/25 v1.12 Construct package bundles (HO)
Package: infwarerr 2010/04/08 v1.3 Providing info/warning/error messages (HO)
Package: ltxcmds 2011/11/09 v1.22 LaTeX kernel commands for general use (HO)
Package: ifluatex 2010/03/01 v1.3 Provides the ifluatex switch (HO)
Package ifluatex Info: LuaTeX not detected.
Package: ifvtex 2010/03/01 v1.5 Detect VTeX and its facilities (HO)
Package ifvtex Info: VTeX not detected.
Package: intcalc 2007/09/27 v1.1 Expandable calculations with integers (HO)
Package: ifpdf 2011/01/30 v2.3 Provides the ifpdf switch (HO)
Package ifpdf Info: pdfTeX in PDF mode is not detected.
Package: etexcmds 2011/02/16 v1.5 Avoid name clashes with e-TeX commands (HO)
Package etexcmds Info: Could not find \expanded.
(etexcmds)             That can mean that you are not using pdfTeX 1.50 or
(etexcmds)             that some package has redefined \expanded.
(etexcmds)             In the latter case, load this package earlier.
Package: kvsetkeys 2012/04/25 v1.16 Key value parser (HO)
Package: kvdefinekeys 2011/04/07 v1.3 Define keys (HO)
Package: pdftexcmds 2011/11/29 v0.20 Utility functions of pdfTeX for LuaTeX (HO
)
Package pdftexcmds Info: LuaTeX not detected.
Package pdftexcmds Info: pdfTeX >= 1.30 not detected.
Package pdftexcmds Info: \pdf@primitive is available.
Package pdftexcmds Info: \pdf@ifprimitive is available.
Package pdftexcmds Info: \pdfdraftmode not found.
Package: pdfescape 2011/11/25 v1.13 Implements pdfTeX's escape features (HO)
Package: bigintcalc 2012/04/08 v1.3 Expandable calculations on big integers (HO
)
Package: bitset 2011/01/30 v1.1 Handle bit-vector datatype (HO)
Package: uniquecounter 2011/01/30 v1.2 Provide unlimited unique counter (HO)
)
Package hobsub Info: Skipping package `hobsub' (already loaded).
Package: letltxmacro 2010/09/02 v1.4 Let assignment for LaTeX macros (HO)
Package: hopatch 2011/06/24 v1.1 Wrapper for package hooks (HO)
Package: xcolor-patch 2011/01/30 xcolor patch
Package: atveryend 2011/06/30 v1.8 Hooks at the very end of document (HO)
Package atveryend Info: \enddocument detected (standard20110627).
Package: atbegshi 2011/10/05 v1.16 At begin shipout hook (HO)
Package: refcount 2011/10/16 v3.4 Data extraction from label references (HO)
Package: hycolor 2011/01/30 v1.7 Color options for hyperref/bookmark (HO)
)
("D:\Program Files\MiKTeX 2.9\tex\generic\ifxetex\ifxetex.sty"
Package: ifxetex 2010/09/12 v0.6 Provides ifxetex conditional
)
("D:\Program Files\MiKTeX 2.9\tex\latex\oberdiek\auxhook.sty"
Package: auxhook 2011/03/04 v1.3 Hooks for auxiliary files (HO)
)
("D:\Program Files\MiKTeX 2.9\tex\latex\oberdiek\kvoptions.sty"
Package: kvoptions 2011/06/30 v3.11 Key value format for package options (HO)
)
\@linkdim=\dimen163
\Hy@linkcounter=\count129
\Hy@pagecounter=\count130

("D:\Program Files\MiKTeX 2.9\tex\latex\hyperref\pd1enc.def"
File: pd1enc.def 2012/11/06 v6.83m Hyperref: PDFDocEncoding definition (HO)
)
\Hy@SavedSpaceFactor=\count131

("D:\Program Files\MiKTeX 2.9\tex\latex\00miktex\hyperref.cfg"
File: hyperref.cfg 2002/06/06 v1.2 hyperref configuration of TeXLive
)
Package hyperref Info: Hyper figures OFF on input line 4443.
Package hyperref Info: Link nesting OFF on input line 4448.
Package hyperref Info: Hyper index ON on input line 4451.
Package hyperref Info: Plain pages OFF on input line 4458.
Package hyperref Info: Backreferencing OFF on input line 4463.
Package hyperref Info: Implicit mode ON; LaTeX internals redefined.
Package hyperref Info: Bookmarks ON on input line 4688.
\c@Hy@tempcnt=\count132

(C:\Users\lhch\AppData\Roaming\MiKTeX\2.9\tex\latex\url\url.sty
\Urlmuskip=\muskip17
Package: url 2013/09/16  ver 3.4  Verb mode for urls, etc.
)
LaTeX Info: Redefining \url on input line 5041.
\XeTeXLinkMargin=\dimen164
Requested font "pzdr" at 0.00002pt
\Fld@menulength=\count133
\Field@Width=\dimen165
\Fld@charsize=\dimen166
Package hyperref Info: Hyper figures OFF on input line 6295.
Package hyperref Info: Link nesting OFF on input line 6300.
Package hyperref Info: Hyper index ON on input line 6303.
Package hyperref Info: backreferencing OFF on input line 6310.
Package hyperref Info: Link coloring OFF on input line 6315.
Package hyperref Info: Link coloring with OCG OFF on input line 6320.
Package hyperref Info: PDF/A mode OFF on input line 6325.
LaTeX Info: Redefining \ref on input line 6365.
LaTeX Info: Redefining \pageref on input line 6369.
\Hy@abspage=\count134
\c@Item=\count135
\c@Hfootnote=\count136
)

Package hyperref Message: Driver (autodetected): hxetex.

("D:\Program Files\MiKTeX 2.9\tex\latex\hyperref\hxetex.def"
File: hxetex.def 2012/11/06 v6.83m Hyperref driver for XeTeX

("D:\Program Files\MiKTeX 2.9\tex\latex\hyperref\puenc.def"
File: puenc.def 2012/11/06 v6.83m Hyperref: PDF Unicode definition (HO)
)
("D:\Program Files\MiKTeX 2.9\tex\generic\oberdiek\stringenc.sty"
Package: stringenc 2011/12/02 v1.10 Convert strings between diff. encodings (HO
)
)
\pdfm@box=\box44
\c@Hy@AnnotLevel=\count137
\HyField@AnnotCount=\count138
\Fld@listcount=\count139
\c@bookmark@seq@number=\count140

("D:\Program Files\MiKTeX 2.9\tex\latex\oberdiek\rerunfilecheck.sty"
Package: rerunfilecheck 2011/04/15 v1.7 Rerun checks for auxiliary files (HO)
Package rerunfilecheck Info: Feature \pdfmdfivesum is not available
(rerunfilecheck)             (e.g. pdfTeX or LuaTeX with package `pdftexcmds').

(rerunfilecheck)             Therefore file contents cannot be checked efficien
tly
(rerunfilecheck)             and the loading of the package is aborted.
)
\Hy@SectionHShift=\skip54
)
(C:\Users\lhch\AppData\Roaming\MiKTeX\2.9\tex\latex\listings\listings.sty
\lst@mode=\count141
\lst@gtempboxa=\box45
\lst@token=\toks19
\lst@length=\count142
\lst@currlwidth=\dimen167
\lst@column=\count143
\lst@pos=\count144
\lst@lostspace=\dimen168
\lst@width=\dimen169
\lst@newlines=\count145
\lst@lineno=\count146
\lst@maxwidth=\dimen170

(C:\Users\lhch\AppData\Roaming\MiKTeX\2.9\tex\latex\listings\lstmisc.sty
File: lstmisc.sty 2014/09/06 1.5e (Carsten Heinz)
\c@lstnumber=\count147
\lst@skipnumbers=\count148
\lst@framebox=\box46
)
(C:\Users\lhch\AppData\Roaming\MiKTeX\2.9\tex\latex\listings\listings.cfg
File: listings.cfg 2014/09/06 1.5e listings configuration
))
Package: listings 2014/09/06 1.5e (Carsten Heinz)

*************************************************
* xeCJK warning: "fandol"
* 
* Fandol is being set as the default font for CJK text.
* Please make sure it has been properly installed.
*************************************************
Requested font "FandolSong-Regular/OT" at 10.0pt
 -> C:/WINDOWS/Fonts/FandolSong-Regular.otf
Requested font "FandolSong-Regular/OT" at 10.0pt
 -> C:/WINDOWS/Fonts/FandolSong-Regular.otf
*************************************************
* fontspec warning: "script-not-exist"
* 
* Font 'FandolSong-Regular' does not contain script 'CJK'.
*************************************************
\g__fontspec_family_FandolSong-Regular_int=\count149
Requested font "FandolKai/OT" at 10.0pt
 -> C:/WINDOWS/Fonts/FandolKai-Regular.otf
Requested font "FandolKai/B/OT" at 10.0pt
 -> C:/WINDOWS/Fonts/FandolKai-Regular.otf
.................................................
. fontspec info: "no-font-shape"
. 
. Could not resolve font FandolKai/B (it probably doesn't exist).
.................................................
Requested font "FandolSong-Bold/OT" at 10.0pt
 -> C:/WINDOWS/Fonts/FandolSong-Bold.otf
Requested font "FandolSong-Bold/I/OT" at 10.0pt
 -> C:/WINDOWS/Fonts/FandolSong-Bold.otf
.................................................
. fontspec info: "no-font-shape"
. 
. Could not resolve font FandolSong-Bold/I (it probably doesn't exist).
.................................................
Requested font "FandolSong-Regular/OT" at 10.0pt
 -> C:/WINDOWS/Fonts/FandolSong-Regular.otf
Requested font "FandolSong-Regular/BI/OT" at 10.0pt
 -> C:/WINDOWS/Fonts/FandolSong-Bold.otf
Requested font "FandolSong-Regular/OT" at 10.0pt
 -> C:/WINDOWS/Fonts/FandolSong-Regular.otf
Requested font "FandolSong-Regular/OT" at 10.0pt
 -> C:/WINDOWS/Fonts/FandolSong-Regular.otf
Requested font "FandolSong-Bold/OT" at 10.0pt
 -> C:/WINDOWS/Fonts/FandolSong-Bold.otf
Requested font "FandolSong-Bold/OT" at 10.0pt
 -> C:/WINDOWS/Fonts/FandolSong-Bold.otf
Requested font "FandolSong-Regular/BI/OT" at 10.0pt
 -> C:/WINDOWS/Fonts/FandolSong-Bold.otf
Requested font "FandolSong-Regular/BI/OT" at 10.0pt
 -> C:/WINDOWS/Fonts/FandolSong-Bold.otf
.................................................
. fontspec info: "defining-font"
. 
. Font family 'FandolSong-Regular(0)' created for font 'FandolSong-Regular'
. with options
. [Script={CJK},BoldFont={FandolSong-Bold},ItalicFont={FandolKai}].
. 
. This font family consists of the following shapes:
. 
. * 'normal' with NFSS spec.:
. <->"FandolSong-Regular/OT:"
. 
. * 'small caps' with NFSS spec.:
. 
. and font adjustment code:
. 
. 
. * 'bold' with NFSS spec.:
. <->"FandolSong-Bold/OT:"
. 
. * 'bold small caps' with NFSS spec.:
. 
. and font adjustment code:
. 
. 
. * 'italic' with NFSS spec.:
. <->"FandolKai/OT:"
. 
. * 'small caps' with NFSS spec.:
. 
. and font adjustment code:
. 
. 
. * 'bold italic' with NFSS spec.:
. <->"FandolSong-Regular/BI/OT:"
. 
. * 'bold small caps' with NFSS spec.:
. 
. and font adjustment code:
. 
.................................................
(C:\Users\lhch\AppData\Roaming\MiKTeX\2.9\tex\xelatex\xecjk\xeCJK-listings.sty
Package: xeCJK-listings 2014/12/26 v3.3.0 xeCJK patch file for listings
\l__xeCJK_listings_flag_int=\count150
) (template_Report.aux

LaTeX Warning: Label `fig:DengPic0' multiply defined.


LaTeX Warning: Label `fig:DengPic0' multiply defined.


LaTeX Warning: Label `fig:DengPic0' multiply defined.


LaTeX Warning: Label `fig:ComboBox' multiply defined.

)
LaTeX Font Info:    Checking defaults for OML/cmm/m/it on input line 21.
LaTeX Font Info:    ... okay on input line 21.
LaTeX Font Info:    Checking defaults for T1/cmr/m/n on input line 21.
LaTeX Font Info:    ... okay on input line 21.
LaTeX Font Info:    Checking defaults for OT1/cmr/m/n on input line 21.
LaTeX Font Info:    ... okay on input line 21.
LaTeX Font Info:    Checking defaults for OMS/cmsy/m/n on input line 21.
LaTeX Font Info:    ... okay on input line 21.
LaTeX Font Info:    Checking defaults for OMX/cmex/m/n on input line 21.
LaTeX Font Info:    ... okay on input line 21.
LaTeX Font Info:    Checking defaults for U/cmr/m/n on input line 21.
LaTeX Font Info:    ... okay on input line 21.
LaTeX Font Info:    Checking defaults for EU1/lmr/m/n on input line 21.
LaTeX Font Info:    ... okay on input line 21.
LaTeX Font Info:    Checking defaults for T3/cmr/m/n on input line 21.
LaTeX Font Info:    Try loading font information for T3+cmr on input line 21.
 (C:\Users\lhch\AppData\Roaming\MiKTeX\2.9\tex\latex\tipa\t3cmr.fd
File: t3cmr.fd 2001/12/31 TIPA font definitions
)
LaTeX Font Info:    ... okay on input line 21.
LaTeX Font Info:    Checking defaults for PD1/pdf/m/n on input line 21.
LaTeX Font Info:    ... okay on input line 21.
LaTeX Font Info:    Checking defaults for PU/pdf/m/n on input line 21.
LaTeX Font Info:    ... okay on input line 21.

*** you should *not* be loading the inputenc package
*** XeTeX expects the source to be in UTF8 encoding
*** some features of other encodings may conflict, resulting in poor output.
.................................................
. fontspec info: "setup-math"
. 
. Adjusting the maths setup (use [no-math] to avoid this).
.................................................
\symlegacymaths=\mathgroup4
LaTeX Font Info:    Overwriting symbol font `legacymaths' in version `bold'
(Font)                  OT1/cmr/m/n --> OT1/cmr/bx/n on input line 21.
LaTeX Font Info:    Redeclaring math accent \acute on input line 21.
LaTeX Font Info:    Redeclaring math accent \grave on input line 21.
LaTeX Font Info:    Redeclaring math accent \ddot on input line 21.
LaTeX Font Info:    Redeclaring math accent \tilde on input line 21.
LaTeX Font Info:    Redeclaring math accent \bar on input line 21.
LaTeX Font Info:    Redeclaring math accent \breve on input line 21.
LaTeX Font Info:    Redeclaring math accent \check on input line 21.
LaTeX Font Info:    Redeclaring math accent \hat on input line 21.
LaTeX Font Info:    Redeclaring math accent \dot on input line 21.
LaTeX Font Info:    Redeclaring math accent \mathring on input line 21.
LaTeX Font Info:    Redeclaring math symbol \colon on input line 21.
LaTeX Font Info:    Redeclaring math symbol \Gamma on input line 21.
LaTeX Font Info:    Redeclaring math symbol \Delta on input line 21.
LaTeX Font Info:    Redeclaring math symbol \Theta on input line 21.
LaTeX Font Info:    Redeclaring math symbol \Lambda on input line 21.
LaTeX Font Info:    Redeclaring math symbol \Xi on input line 21.
LaTeX Font Info:    Redeclaring math symbol \Pi on input line 21.
LaTeX Font Info:    Redeclaring math symbol \Sigma on input line 21.
LaTeX Font Info:    Redeclaring math symbol \Upsilon on input line 21.
LaTeX Font Info:    Redeclaring math symbol \Phi on input line 21.
LaTeX Font Info:    Redeclaring math symbol \Psi on input line 21.
LaTeX Font Info:    Redeclaring math symbol \Omega on input line 21.
LaTeX Font Info:    Redeclaring math symbol \mathdollar on input line 21.
LaTeX Font Info:    Redeclaring symbol font `operators' on input line 21.
LaTeX Font Info:    Encoding `OT1' has changed to `EU1' for symbol font
(Font)              `operators' in the math version `normal' on input line 21.
LaTeX Font Info:    Overwriting symbol font `operators' in version `normal'
(Font)                  OT1/cmr/m/n --> EU1/lmr/m/n on input line 21.
LaTeX Font Info:    Encoding `OT1' has changed to `EU1' for symbol font
(Font)              `operators' in the math version `bold' on input line 21.
LaTeX Font Info:    Overwriting symbol font `operators' in version `bold'
(Font)                  OT1/cmr/bx/n --> EU1/lmr/m/n on input line 21.
LaTeX Font Info:    Overwriting symbol font `operators' in version `normal'
(Font)                  EU1/lmr/m/n --> EU1/lmr/m/n on input line 21.
LaTeX Font Info:    Overwriting math alphabet `\mathit' in version `normal'
(Font)                  OT1/cmr/m/it --> EU1/lmr/m/it on input line 21.
LaTeX Font Info:    Overwriting math alphabet `\mathbf' in version `normal'
(Font)                  OT1/cmr/bx/n --> EU1/lmr/bx/n on input line 21.
LaTeX Font Info:    Overwriting math alphabet `\mathsf' in version `normal'
(Font)                  OT1/cmss/m/n --> EU1/lmss/m/n on input line 21.
LaTeX Font Info:    Overwriting math alphabet `\mathtt' in version `normal'
(Font)                  OT1/cmtt/m/n --> EU1/lmtt/m/n on input line 21.
LaTeX Font Info:    Overwriting symbol font `operators' in version `bold'
(Font)                  EU1/lmr/m/n --> EU1/lmr/bx/n on input line 21.
LaTeX Font Info:    Overwriting math alphabet `\mathit' in version `bold'
(Font)                  OT1/cmr/bx/it --> EU1/lmr/bx/it on input line 21.
LaTeX Font Info:    Overwriting math alphabet `\mathsf' in version `bold'
(Font)                  OT1/cmss/bx/n --> EU1/lmss/bx/n on input line 21.
LaTeX Font Info:    Overwriting math alphabet `\mathtt' in version `bold'
(Font)                  OT1/cmtt/m/n --> EU1/lmtt/bx/n on input line 21.
\AtBeginShipoutBox=\box47
Package hyperref Info: Link coloring OFF on input line 21.
("D:\Program Files\MiKTeX 2.9\tex\latex\hyperref\nameref.sty"
Package: nameref 2012/10/27 v2.43 Cross-referencing by name of section

("D:\Program Files\MiKTeX 2.9\tex\generic\oberdiek\gettitlestring.sty"
Package: gettitlestring 2010/12/03 v1.4 Cleanup title references (HO)
)
\c@section@level=\count151
)
LaTeX Info: Redefining \ref on input line 21.
LaTeX Info: Redefining \pageref on input line 21.
LaTeX Info: Redefining \nameref on input line 21.

(template_Report.out) (template_Report.out)
\@outlinefile=\write3
\c@lstlisting=\count152
Requested font "[lmroman17-regular]:mapping=tex-text" at 17.28pt
 -> D:/Program Files/MiKTeX 2.9/fonts/opentype/public/lm/lmroman17-regular.otf
Requested font "FandolSong-Regular/OT:" at 17.28pt
 -> C:/WINDOWS/Fonts/FandolSong-Regular.otf
Requested font "[lmroman12-regular]:mapping=tex-text" at 12.0pt
 -> D:/Program Files/MiKTeX 2.9/fonts/opentype/public/lm/lmroman12-regular.otf
Requested font "[lmroman8-regular]:mapping=tex-text" at 8.0pt
 -> D:/Program Files/MiKTeX 2.9/fonts/opentype/public/lm/lmroman8-regular.otf
Requested font "[lmroman6-regular]:mapping=tex-text" at 6.0pt
 -> D:/Program Files/MiKTeX 2.9/fonts/opentype/public/lm/lmroman6-regular.otf
Requested font "cmmi12" at 12.0pt
Requested font "cmmi8" at 8.0pt
Requested font "cmmi6" at 6.0pt
Requested font "cmsy10" at 12.0pt
Requested font "cmsy8" at 8.0pt
Requested font "cmsy6" at 6.0pt
LaTeX Font Info:    External font `cmex10' loaded for size
(Font)              <12> on input line 23.
LaTeX Font Info:    External font `cmex10' loaded for size
(Font)              <8> on input line 23.
LaTeX Font Info:    External font `cmex10' loaded for size
(Font)              <6> on input line 23.
Requested font "cmr12" at 12.0pt
Requested font "cmr8" at 8.0pt
Requested font "cmr6" at 6.0pt
Requested font "FandolSong-Regular/OT:" at 12.0pt
 -> C:/WINDOWS/Fonts/FandolSong-Regular.otf

("D:\Program Files\MiKTeX 2.9\tex\generic\oberdiek\se-ascii-print.def"
File: se-ascii-print.def 2011/12/02 v1.10 stringenc: Printable ASCII characters

)
[1

] [1]
Chapter 1.
Requested font "[lmroman17-regular]:mapping=tex-text" at 20.74pt
 -> D:/Program Files/MiKTeX 2.9/fonts/opentype/public/lm/lmroman17-regular.otf
Requested font "[lmroman12-bold]:mapping=tex-text" at 20.74pt
 -> D:/Program Files/MiKTeX 2.9/fonts/opentype/public/lm/lmroman12-bold.otf
Requested font "[lmroman12-bold]:mapping=tex-text" at 24.88pt
 -> D:/Program Files/MiKTeX 2.9/fonts/opentype/public/lm/lmroman12-bold.otf
Requested font "FandolSong-Bold/OT:" at 24.88pt
 -> C:/WINDOWS/Fonts/FandolSong-Bold.otf
Requested font "FandolSong-Regular/OT:" at 10.0pt
 -> C:/WINDOWS/Fonts/FandolSong-Regular.otf
Requested font "FandolFang/OT" at 10.0pt
 -> C:/WINDOWS/Fonts/FandolFang-Regular.otf
*************************************************
* fontspec warning: "script-not-exist"
* 
* Font 'FandolFang' does not contain script 'CJK'.
*************************************************
\g__fontspec_family_FandolFang_int=\count153
Requested font "FandolFang/BI/OT" at 10.0pt
 -> C:/WINDOWS/Fonts/FandolFang-Regular.otf
.................................................
. fontspec info: "no-font-shape"
. 
. Could not resolve font FandolFang/BI (it probably doesn't exist).
.................................................
Requested font "FandolFang/B/OT" at 10.0pt
 -> C:/WINDOWS/Fonts/FandolFang-Regular.otf
.................................................
. fontspec info: "no-font-shape"
. 
. Could not resolve font FandolFang/B (it probably doesn't exist).
.................................................
Requested font "FandolFang/I/OT" at 10.0pt
 -> C:/WINDOWS/Fonts/FandolFang-Regular.otf
.................................................
. fontspec info: "no-font-shape"
. 
. Could not resolve font FandolFang/I (it probably doesn't exist).
.................................................
LaTeX Font Info:    Try loading font information for EU1+lmtt on input line 27.

("D:\Program Files\MiKTeX 2.9\tex\latex\euenc\eu1lmtt.fd"
File: eu1lmtt.fd 2009/10/30 v1.6 Font defs for Latin Modern
)
Requested font "[lmmono10-regular]" at 10.0pt
 -> D:/Program Files/MiKTeX 2.9/fonts/opentype/public/lm/lmmono10-regular.otf
.................................................
. fontspec info: "defining-font"
. 
. Font family 'FandolFang(0)' created for font 'FandolFang' with options
. [Script={CJK}].
. 
. This font family consists of the following shapes:
. 
. * 'normal' with NFSS spec.:
. <->"FandolFang/OT:"
. 
. * 'small caps' with NFSS spec.:
. 
. and font adjustment code:
. 
.................................................
Requested font "[lmroman12-regular]:mapping=tex-text" at 14.4pt
 -> D:/Program Files/MiKTeX 2.9/fonts/opentype/public/lm/lmroman12-regular.otf
Requested font "[lmroman12-bold]:mapping=tex-text" at 14.4pt
 -> D:/Program Files/MiKTeX 2.9/fonts/opentype/public/lm/lmroman12-bold.otf
Requested font "FandolSong-Bold/OT:" at 14.4pt
 -> C:/WINDOWS/Fonts/FandolSong-Bold.otf
 [1

]
(C:\Users\lhch\AppData\Roaming\MiKTeX\2.9\tex\latex\listings\lstlang1.sty
File: lstlang1.sty 2014/09/06 1.5e listings language file
)
(C:\Users\lhch\AppData\Roaming\MiKTeX\2.9\tex\latex\listings\lstlang1.sty
File: lstlang1.sty 2014/09/06 1.5e listings language file
)
(C:\Users\lhch\AppData\Roaming\MiKTeX\2.9\tex\latex\listings\lstmisc.sty
File: lstmisc.sty 2014/09/06 1.5e (Carsten Heinz)
)
Package hyperref Info: bookmark level for unknown lstlisting defaults to 0 on i
nput line 77.
Requested font "FandolHei-Regular/OT" at 10.0pt
 -> C:/WINDOWS/Fonts/FandolHei-Regular.otf
Requested font "FandolHei-Regular/OT" at 10.0pt
 -> C:/WINDOWS/Fonts/FandolHei-Regular.otf

*************************************************
* fontspec warning: "script-not-exist"
* 
* Font 'FandolHei-Regular' does not contain script 'CJK'.
*************************************************
\g__fontspec_family_FandolHei-Regular_int=\count154
Requested font "FandolHei-Bold/OT" at 10.0pt
 -> C:/WINDOWS/Fonts/FandolHei-Bold.otf
Requested font "FandolHei-Bold/I/OT" at 10.0pt
 -> C:/WINDOWS/Fonts/FandolHei-Bold.otf
.................................................
. fontspec info: "no-font-shape"
. 
. Could not resolve font FandolHei-Bold/I (it probably doesn't exist).
.................................................
Requested font "FandolHei-Regular/OT" at 10.0pt
 -> C:/WINDOWS/Fonts/FandolHei-Regular.otf
Requested font "FandolHei-Regular/BI/OT" at 10.0pt
 -> C:/WINDOWS/Fonts/FandolHei-Bold.otf
Requested font "FandolHei-Regular/OT" at 10.0pt
 -> C:/WINDOWS/Fonts/FandolHei-Regular.otf
Requested font "FandolHei-Regular/I/OT" at 10.0pt
 -> C:/WINDOWS/Fonts/FandolHei-Regular.otf
.................................................
. fontspec info: "no-font-shape"
. 
. Could not resolve font FandolHei-Regular/I (it probably doesn't exist).
.................................................
Requested font "FandolHei-Regular/OT" at 10.0pt
 -> C:/WINDOWS/Fonts/FandolHei-Regular.otf
Requested font "FandolHei-Regular/OT" at 10.0pt
 -> C:/WINDOWS/Fonts/FandolHei-Regular.otf
Requested font "FandolHei-Bold/OT" at 10.0pt
 -> C:/WINDOWS/Fonts/FandolHei-Bold.otf
Requested font "FandolHei-Bold/OT" at 10.0pt
 -> C:/WINDOWS/Fonts/FandolHei-Bold.otf
Requested font "FandolHei-Regular/BI/OT" at 10.0pt
 -> C:/WINDOWS/Fonts/FandolHei-Bold.otf
Requested font "FandolHei-Regular/BI/OT" at 10.0pt
 -> C:/WINDOWS/Fonts/FandolHei-Bold.otf
.................................................
. fontspec info: "defining-font"
. 
. Font family 'FandolHei-Regular(0)' created for font 'FandolHei-Regular' with
. options [Script={CJK},BoldFont={FandolHei-Bold}].
. 
. This font family consists of the following shapes:
. 
. * 'normal' with NFSS spec.:
. <->"FandolHei-Regular/OT:"
. 
. * 'small caps' with NFSS spec.:
. 
. and font adjustment code:
. 
. 
. * 'bold' with NFSS spec.:
. <->"FandolHei-Bold/OT:"
. 
. * 'bold small caps' with NFSS spec.:
. 
. and font adjustment code:
. 
. 
. * 'bold italic' with NFSS spec.:
. <->"FandolHei-Regular/BI/OT:"
. 
. * 'bold small caps' with NFSS spec.:
. 
. and font adjustment code:
. 
.................................................
(CODE/CVStruct.hpp
Requested font "[lmsans10-bold]:mapping=tex-text" at 10.0pt
 -> D:/Program Files/MiKTeX 2.9/fonts/opentype/public/lm/lmsans10-bold.otf

Overfull \hbox (73.89919pt too wide) in paragraph at lines 5--6
[][][][][][][][][][][][][][][][][][][][][][][][][][][][][][][][][][][] 
 []


Overfull \hbox (81.92833pt too wide) in paragraph at lines 7--8
[][][][][][][][][][][][][][][][][][][][][][][][][][][][][][] 
 []


Overfull \hbox (83.6391pt too wide) in paragraph at lines 8--9
[][][][][][][][][][][][] 
 []


Overfull \hbox (1.6091pt too wide) in paragraph at lines 9--10
[][][][][][][][][][][][][][][][] 
 []

Requested font "[lmroman7-regular]:mapping=tex-text" at 7.0pt
 -> D:/Program Files/MiKTeX 2.9/fonts/opentype/public/lm/lmroman7-regular.otf
Requested font "[lmroman5-regular]:mapping=tex-text" at 5.0pt
 -> D:/Program Files/MiKTeX 2.9/fonts/opentype/public/lm/lmroman5-regular.otf
LaTeX Font Info:    External font `cmex10' loaded for size
(Font)              <7> on input line 12.
LaTeX Font Info:    External font `cmex10' loaded for size
(Font)              <5> on input line 12.

Overfull \hbox (89.4971pt too wide) in paragraph at lines 12--13
[][][][][][][][][][][][][][][][][][][][][][][][][][][][][][][][][][][][][] 
 []


Overfull \hbox (51.94778pt too wide) in paragraph at lines 13--14
[][][][][][][][][][][][][][][][][][] 
 []


Overfull \hbox (44.57837pt too wide) in paragraph at lines 15--16
[][][][][][][][][][][][][][][][][][][][][][][] 
 []


Overfull \hbox (34.83911pt too wide) in paragraph at lines 17--18
[][][][][][][][][][][][][][][][][][][][] 
 []


Overfull \hbox (52.91917pt too wide) in paragraph at lines 20--21
[][][][][][][][][][][][][][][][][][][][][][][][][][][][][][][][][][][][][][][] 

 []

[2]
Overfull \hbox (5.21786pt too wide) in paragraph at lines 27--28
[][][][][][][][][][][][][][][][][][][][][][][][][][][][][] 
 []


Overfull \hbox (5.21774pt too wide) in paragraph at lines 28--29
[][][][][][][][][][][][][][][][][][][][][][][][][][][][][][][][][][] 
 []


Overfull \hbox (5.21786pt too wide) in paragraph at lines 29--30
[][][][][][][][][][][][][][][][][][][][][][][][][][] 
 []


Overfull \hbox (5.21782pt too wide) in paragraph at lines 30--31
[][][][][][][][][][][][][][][][][][][][][][] 
 []

) [3]
Requested font "[lmroman12-bold]:mapping=tex-text" at 12.0pt
 -> D:/Program Files/MiKTeX 2.9/fonts/opentype/public/lm/lmroman12-bold.otf
Requested font "FandolSong-Bold/OT:" at 12.0pt
 -> C:/WINDOWS/Fonts/FandolSong-Bold.otf
Missing character: There is no  in font [lmroman10-regular]:mapping=tex-text!
File: ./PIC/LearnCSharp.png Graphic file (type QTm)
 <use  "./PIC/LearnCSharp.png" >
File: ./PIC/TabPage.png Graphic file (type QTm)
 <use  "./PIC/TabPage.png" >
File: ./PIC/TabPageO.png Graphic file (type QTm)

<use  "./PIC/TabPageO.png" > [4] [5]
File: ./PIC/ComboBox.png Graphic file (type QTm)
 <use  "./PIC/ComboBox.png" >
File: ./PIC/ComboBoxO.png Graphic file (type QTm)

<use  "./PIC/ComboBoxO.png" >
File: ./PIC/DengPic0.png Graphic file (type QTm)
 <use  "./PIC/DengPic0.png" >
File: ./PIC/DengPic1.png Graphic file (type QTm)

<use  "./PIC/DengPic1.png" >
File: ./PIC/DengPic2.png Graphic file (type QTm)
 <use  "./PIC/DengPic2.png" >
File: ./PIC/DengPic3.png Graphic file (type QTm)

<use  "./PIC/DengPic3.png" > [6] [7] [8] [9]
File: ./PIC/Gobang.png Graphic file (type QTm)
 <use  "./PIC/Gobang.png" >
File: ./PIC/GobangO.png Graphic file (type QTm)

<use  "./PIC/GobangO.png" >
File: ./PIC/PlayCap.png Graphic file (type QTm)
 <use  "./PIC/PlayCap.png" >
File: ./PIC/PlayCapO.png Graphic file (type QTm)

<use  "./PIC/PlayCapO.png" > [10] [11] [12]
Chapter 2.
File: ./PIC/CalcP0.png Graphic file (type QTm)
<use  "./PIC/CalcP0.png" >
File: ./PIC/CalcP1.png Graphic file (type QTm)
 <use  "./PIC/CalcP1.png" >
File: ./PIC/CalcP2.png Graphic file (type QTm)

<use  "./PIC/CalcP2.png" >
File: ./PIC/CalcEC0.png Graphic file (type QTm)
 <use  "./PIC/CalcEC0.png" >
File: ./PIC/CalcEC1.png Graphic file (type QTm)

<use  "./PIC/CalcEC1.png" >
File: ./PIC/CalcEC2.png Graphic file (type QTm)
 <use  "./PIC/CalcEC2.png" > [13

] [14] [15] [16]
File: ./PIC/1.png Graphic file (type QTm)

<use  "./PIC/1.png" >
File: ./PIC/3.png Graphic file (type QTm)
 <use  "./PIC/3.png" >
Overfull \hbox (3.31pt too wide) in paragraph at lines 342--343
\EU1/FandolSong-Regular(0)/m/n/10         []\EU1/lmtt/m/n/10 Unity \EU1
/FandolSong-Regular(0)/m/n/10    | []\EU1/lmr/m/n/10 netstorage.unity3d.co
m/unity/UnitySetup-
 []


Overfull \hbox (39.03502pt too wide) in paragraph at lines 344--345
[]\EU1/lmtt/m/n/10 SW_DVD5_Office_Professional_Plus_2013_64 \EU1/FandolSong-Reg
ular(0)/m/n/10    \EU1/lmr/m/n/10 : []pan.baidu.com/s/1hqgLGR6[]
 []

[17] [18] [19]
Package atveryend Info: Empty hook `BeforeClearDocument' on input line 381.
 [20]
Package atveryend Info: Empty hook `AfterLastShipout' on input line 381.
 (template_Report.aux)
Package atveryend Info: Empty hook `AtVeryEndDocument' on input line 381.
Package atveryend Info: Empty hook `AtEndAfterFileList' on input line 381.


LaTeX Warning: There were multiply-defined labels.

Package atveryend Info: Empty hook `AtVeryVeryEnd' on input line 381.
 ) 
Here is how much of TeX's memory you used:
 24859 strings out of 428760
 474288 string characters out of 3164297
 256524575 words of memory out of 259000000
 27999 multiletter control sequences out of 15000+200000
 6976 words of font info for 54 fonts, out of 3000000 for 9000
 1096 hyphenation exceptions out of 8191
 52i,6n,71p,10430b,1936s stack positions out of 5000i,500n,10000p,200000b,50000s

Output written on template_Report.pdf (22 pages).
